2025-03-16 22:46:11 [main] INFO  c.e.A.AddressBookApplication - Starting AddressBookApplication using Java 23.0.1 with PID 16292 (C:\Users\Hp\Downloads\AddressBook\AddressBook\target\classes started by Hp in C:\Users\Hp\Downloads\AddressBook\AddressBook)
2025-03-16 22:46:11 [main] DEBUG c.e.A.AddressBookApplication - Running with Spring Boot v3.4.3, Spring v6.2.3
2025-03-16 22:46:11 [main] INFO  c.e.A.AddressBookApplication - The following 1 profile is active: "dev"
2025-03-16 22:46:13 [main] INFO  o.s.d.r.c.RepositoryConfigurationDelegate - Bootstrapping Spring Data JPA repositories in DEFAULT mode.
2025-03-16 22:46:13 [main] INFO  o.s.d.r.c.RepositoryConfigurationDelegate - Finished Spring Data repository scanning in 119 ms. Found 2 JPA repository interfaces.
2025-03-16 22:46:14 [main] INFO  o.s.b.w.e.tomcat.TomcatWebServer - Tomcat initialized with port 8080 (http)
2025-03-16 22:46:14 [main] INFO  o.a.catalina.core.StandardService - Starting service [Tomcat]
2025-03-16 22:46:14 [main] INFO  o.a.catalina.core.StandardEngine - Starting Servlet engine: [Apache Tomcat/10.1.36]
2025-03-16 22:46:14 [main] INFO  o.a.c.c.C.[Tomcat].[localhost].[/] - Initializing Spring embedded WebApplicationContext
2025-03-16 22:46:14 [main] INFO  o.s.b.w.s.c.ServletWebServerApplicationContext - Root WebApplicationContext: initialization completed in 2825 ms
2025-03-16 22:46:15 [main] INFO  o.h.jpa.internal.util.LogHelper - HHH000204: Processing PersistenceUnitInfo [name: default]
2025-03-16 22:46:15 [main] INFO  org.hibernate.Version - HHH000412: Hibernate ORM core version 6.6.8.Final
2025-03-16 22:46:15 [main] INFO  o.h.c.i.RegionFactoryInitiator - HHH000026: Second-level cache disabled
2025-03-16 22:46:15 [main] INFO  o.s.o.j.p.SpringPersistenceUnitInfo - No LoadTimeWeaver setup: ignoring JPA class transformer
2025-03-16 22:46:15 [main] INFO  com.zaxxer.hikari.HikariDataSource - HikariPool-1 - Starting...
2025-03-16 22:46:16 [main] INFO  com.zaxxer.hikari.pool.HikariPool - HikariPool-1 - Added connection com.mysql.cj.jdbc.ConnectionImpl@4f541e67
2025-03-16 22:46:16 [main] INFO  com.zaxxer.hikari.HikariDataSource - HikariPool-1 - Start completed.
2025-03-16 22:46:16 [main] WARN  org.hibernate.orm.deprecation - HHH90000025: MySQL8Dialect does not need to be specified explicitly using 'hibernate.dialect' (remove the property setting and it will be selected by default)
2025-03-16 22:46:16 [main] WARN  org.hibernate.orm.deprecation - HHH90000026: MySQL8Dialect has been deprecated; use org.hibernate.dialect.MySQLDialect instead
2025-03-16 22:46:16 [main] INFO  o.hibernate.orm.connections.pooling - HHH10001005: Database info:
	Database JDBC URL [Connecting through datasource 'HikariDataSource (HikariPool-1)']
	Database driver: undefined/unknown
	Database version: 8.0
	Autocommit mode: undefined/unknown
	Isolation level: undefined/unknown
	Minimum pool size: undefined/unknown
	Maximum pool size: undefined/unknown
2025-03-16 22:46:17 [main] INFO  o.h.e.t.j.p.i.JtaPlatformInitiator - HHH000489: No JTA platform available (set 'hibernate.transaction.jta.platform' to enable JTA platform integration)
2025-03-16 22:46:17 [main] INFO  o.s.o.j.LocalContainerEntityManagerFactoryBean - Initialized JPA EntityManagerFactory for persistence unit 'default'
2025-03-16 22:46:18 [main] WARN  o.s.b.a.o.j.JpaBaseConfiguration$JpaWebConfiguration - spring.jpa.open-in-view is enabled by default. Therefore, database queries may be performed during view rendering. Explicitly configure spring.jpa.open-in-view to disable this warning
2025-03-16 22:46:18 [main] WARN  o.s.b.a.s.s.UserDetailsServiceAutoConfiguration - 

Using generated security password: 981baadb-719a-4eda-a474-5aab064470c0

This generated password is for development use only. Your security configuration must be updated before running your application in production.

2025-03-16 22:46:18 [main] INFO  o.s.s.c.a.a.c.InitializeUserDetailsBeanManagerConfigurer$InitializeUserDetailsManagerConfigurer - Global AuthenticationManager configured with UserDetailsService bean with name inMemoryUserDetailsManager
2025-03-16 22:46:19 [main] INFO  o.s.b.w.e.tomcat.TomcatWebServer - Tomcat started on port 8080 (http) with context path '/'
2025-03-16 22:46:19 [main] INFO  c.e.A.AddressBookApplication - Started AddressBookApplication in 8.361 seconds (process running for 9.111)
2025-03-16 22:55:02 [http-nio-8080-exec-1] INFO  o.a.c.c.C.[Tomcat].[localhost].[/] - Initializing Spring DispatcherServlet 'dispatcherServlet'
2025-03-16 22:55:02 [http-nio-8080-exec-1] INFO  o.s.web.servlet.DispatcherServlet - Initializing Servlet 'dispatcherServlet'
2025-03-16 22:55:02 [http-nio-8080-exec-1] INFO  o.s.web.servlet.DispatcherServlet - Completed initialization in 2 ms
2025-03-16 22:55:04 [http-nio-8080-exec-9] INFO  o.s.api.AbstractOpenApiResource - Init duration for springdoc-openapi is: 490 ms
2025-03-16 22:57:02 [http-nio-8080-exec-4] INFO  c.e.A.controllers.UserController - Employee tried to send email with body: {"to":"shivendra9795kumar@gmail.com","subject":"Mail sender","body":"Hello !!"}
2025-03-16 23:00:27 [http-nio-8080-exec-8] INFO  c.e.A.controllers.UserController - Employee tried to register with body: {"firstName":"Aditya","lastName":"Gupta","email":"ag7023587@gmail.com","password":"kri$h008","id":0}
2025-03-16 23:00:28 [http-nio-8080-exec-8] INFO  c.e.A.services.AuthenticationService - User saved in database : {"firstName":"Aditya","lastName":"Gupta","email":"ag7023587@gmail.com","password":"kri$h008","hashPass":"$2a$10$Ye3z7ZXQ0X3qTkjF.lMnpO17nbmVXfQiTH7ABL3By1cfQekX5NHF2","token":"","id":1}
2025-03-16 23:01:32 [http-nio-8080-exec-7] INFO  c.e.A.controllers.UserController - Employee tried to login with body: {"email":"ag7023587@gmail.com","password":"kri$h008"}
2025-03-16 23:01:32 [http-nio-8080-exec-7] INFO  c.e.A.services.AuthenticationService - User logged in with email ag7023587@gmail.com
